2025-03-25 01:11:29 INFO  TC_001_AccountRegistrationTest:15 - Strating TC_001_AccountRegistrationtTest
2025-03-25 01:11:30 INFO  TC_001_AccountRegistrationTest:19 - Clicked on My Account 
2025-03-25 01:11:30 INFO  TC_001_AccountRegistrationTest:22 - Clicked on Register 
2025-03-25 01:11:30 INFO  TC_001_AccountRegistrationTest:27 - Provided First Name 
2025-03-25 01:11:30 INFO  TC_001_AccountRegistrationTest:30 - Provided Last Name 
2025-03-25 01:11:30 INFO  TC_001_AccountRegistrationTest:34 - Provided Email 
2025-03-25 01:11:30 INFO  TC_001_AccountRegistrationTest:37 - Provided Telephone 
2025-03-25 01:11:30 INFO  TC_001_AccountRegistrationTest:40 - Provided Password 
2025-03-25 01:11:31 INFO  TC_001_AccountRegistrationTest:43 - Provided Confrmed Password 
2025-03-25 01:11:31 INFO  TC_001_AccountRegistrationTest:46 - Set Privacy Policy 
2025-03-25 01:11:31 INFO  TC_001_AccountRegistrationTest:49 - Clicked on Continue 
2025-03-25 01:11:33 INFO  TC_001_AccountRegistrationTest:61 - Finished TC_001_AccountRegistrationtTest
2025-03-25 01:11:36 INFO  TC_002_LoginTest:16 - Starting TC_002_LoginTest
2025-03-25 01:17:02 INFO  TC_001_AccountRegistrationTest:15 - Strating TC_001_AccountRegistrationtTest
2025-03-25 01:17:02 INFO  TC_001_AccountRegistrationTest:19 - Clicked on My Account 
2025-03-25 01:17:02 INFO  TC_001_AccountRegistrationTest:22 - Clicked on Register 
2025-03-25 01:17:03 INFO  TC_001_AccountRegistrationTest:27 - Provided First Name 
2025-03-25 01:17:03 INFO  TC_001_AccountRegistrationTest:30 - Provided Last Name 
2025-03-25 01:17:03 INFO  TC_001_AccountRegistrationTest:34 - Provided Email 
2025-03-25 01:17:03 INFO  TC_001_AccountRegistrationTest:37 - Provided Telephone 
2025-03-25 01:17:03 INFO  TC_001_AccountRegistrationTest:40 - Provided Password 
2025-03-25 01:17:03 INFO  TC_001_AccountRegistrationTest:43 - Provided Confrmed Password 
2025-03-25 01:17:03 INFO  TC_001_AccountRegistrationTest:46 - Set Privacy Policy 
2025-03-25 01:17:04 INFO  TC_001_AccountRegistrationTest:49 - Clicked on Continue 
2025-03-25 01:17:06 INFO  TC_001_AccountRegistrationTest:61 - Finished TC_001_AccountRegistrationtTest
2025-03-25 01:17:09 INFO  TC_002_LoginTest:16 - Starting TC_002_LoginTest
2025-03-25 01:17:11 INFO  TC_002_LoginTest:47 -  Finished TC_002_LoginTest
2025-03-25 01:28:13 INFO  TC_001_AccountRegistrationTest:15 - Strating TC_001_AccountRegistrationtTest
2025-03-25 01:28:13 INFO  TC_001_AccountRegistrationTest:19 - Clicked on My Account 
2025-03-25 01:28:14 INFO  TC_001_AccountRegistrationTest:22 - Clicked on Register 
2025-03-25 01:28:14 INFO  TC_001_AccountRegistrationTest:27 - Provided First Name 
2025-03-25 01:28:14 INFO  TC_001_AccountRegistrationTest:30 - Provided Last Name 
2025-03-25 01:28:14 INFO  TC_001_AccountRegistrationTest:34 - Provided Email 
2025-03-25 01:28:14 INFO  TC_001_AccountRegistrationTest:37 - Provided Telephone 
2025-03-25 01:28:14 INFO  TC_001_AccountRegistrationTest:40 - Provided Password 
2025-03-25 01:28:14 INFO  TC_001_AccountRegistrationTest:43 - Provided Confrmed Password 
2025-03-25 01:28:14 INFO  TC_001_AccountRegistrationTest:46 - Set Privacy Policy 
2025-03-25 01:28:15 INFO  TC_001_AccountRegistrationTest:49 - Clicked on Continue 
2025-03-25 01:28:17 INFO  TC_001_AccountRegistrationTest:61 - Finished TC_001_AccountRegistrationtTest
2025-03-25 01:28:20 INFO  TC_002_LoginTest:16 - Starting TC_002_LoginTest
2025-03-25 01:28:22 INFO  TC_002_LoginTest:47 -  Finished TC_002_LoginTest
2025-03-25 01:35:26 INFO  TC_001_AccountRegistrationTest:15 - Strating TC_001_AccountRegistrationtTest
2025-03-25 01:35:26 INFO  TC_001_AccountRegistrationTest:19 - Clicked on My Account 
2025-03-25 01:35:27 INFO  TC_001_AccountRegistrationTest:22 - Clicked on Register 
2025-03-25 01:35:27 INFO  TC_001_AccountRegistrationTest:27 - Provided First Name 
2025-03-25 01:35:27 INFO  TC_001_AccountRegistrationTest:30 - Provided Last Name 
2025-03-25 01:35:27 INFO  TC_001_AccountRegistrationTest:34 - Provided Email 
2025-03-25 01:35:27 INFO  TC_001_AccountRegistrationTest:37 - Provided Telephone 
2025-03-25 01:35:27 INFO  TC_001_AccountRegistrationTest:40 - Provided Password 
2025-03-25 01:35:27 INFO  TC_001_AccountRegistrationTest:43 - Provided Confrmed Password 
2025-03-25 01:35:27 INFO  TC_001_AccountRegistrationTest:46 - Set Privacy Policy 
2025-03-25 01:35:28 INFO  TC_001_AccountRegistrationTest:49 - Clicked on Continue 
2025-03-25 01:35:30 INFO  TC_001_AccountRegistrationTest:61 - Finished TC_001_AccountRegistrationtTest
2025-03-25 01:35:34 INFO  TC_002_LoginTest:16 - Starting TC_002_LoginTest
2025-03-25 01:35:35 INFO  TC_002_LoginTest:47 -  Finished TC_002_LoginTest
2025-03-25 01:35:53 INFO  TC_002_LoginTest:16 - Starting TC_002_LoginTest
2025-03-25 01:35:54 INFO  TC_002_LoginTest:47 -  Finished TC_002_LoginTest
2025-03-25 01:53:42 INFO  TC_001_AccountRegistrationTest:15 - Strating TC_001_AccountRegistrationtTest
2025-03-25 01:53:42 INFO  TC_001_AccountRegistrationTest:19 - Clicked on My Account 
2025-03-25 01:53:43 INFO  TC_001_AccountRegistrationTest:22 - Clicked on Register 
2025-03-25 01:53:43 INFO  TC_001_AccountRegistrationTest:27 - Provided First Name 
2025-03-25 01:53:43 INFO  TC_001_AccountRegistrationTest:30 - Provided Last Name 
2025-03-25 01:53:43 INFO  TC_001_AccountRegistrationTest:34 - Provided Email 
2025-03-25 01:53:43 INFO  TC_001_AccountRegistrationTest:37 - Provided Telephone 
2025-03-25 01:53:43 INFO  TC_001_AccountRegistrationTest:40 - Provided Password 
2025-03-25 01:53:43 INFO  TC_001_AccountRegistrationTest:43 - Provided Confrmed Password 
2025-03-25 01:53:43 INFO  TC_001_AccountRegistrationTest:46 - Set Privacy Policy 
2025-03-25 01:53:44 INFO  TC_001_AccountRegistrationTest:49 - Clicked on Continue 
2025-03-25 01:53:46 INFO  TC_001_AccountRegistrationTest:61 - Finished TC_001_AccountRegistrationtTest
2025-03-25 01:53:48 INFO  TC_002_LoginTest:16 - Starting TC_002_LoginTest
2025-03-25 01:53:50 INFO  TC_002_LoginTest:47 -  Finished TC_002_LoginTest
2025-03-25 02:06:07 INFO  TC_001_AccountRegistrationTest:15 - Strating TC_001_AccountRegistrationtTest
2025-03-25 02:06:07 INFO  TC_001_AccountRegistrationTest:19 - Clicked on My Account 
2025-03-25 02:06:08 INFO  TC_001_AccountRegistrationTest:22 - Clicked on Register 
2025-03-25 02:06:08 INFO  TC_001_AccountRegistrationTest:27 - Provided First Name 
2025-03-25 02:06:08 INFO  TC_001_AccountRegistrationTest:30 - Provided Last Name 
2025-03-25 02:06:08 INFO  TC_001_AccountRegistrationTest:34 - Provided Email 
2025-03-25 02:06:08 INFO  TC_001_AccountRegistrationTest:37 - Provided Telephone 
2025-03-25 02:06:08 INFO  TC_001_AccountRegistrationTest:40 - Provided Password 
2025-03-25 02:06:08 INFO  TC_001_AccountRegistrationTest:43 - Provided Confrmed Password 
2025-03-25 02:06:08 INFO  TC_001_AccountRegistrationTest:46 - Set Privacy Policy 
2025-03-25 02:06:08 INFO  TC_001_AccountRegistrationTest:49 - Clicked on Continue 
2025-03-25 02:06:10 INFO  TC_001_AccountRegistrationTest:61 - Finished TC_001_AccountRegistrationtTest
2025-03-25 02:06:13 INFO  TC_002_LoginTest:16 - Starting TC_002_LoginTest
2025-03-25 02:06:14 INFO  TC_002_LoginTest:47 -  Finished TC_002_LoginTest
2025-03-25 02:33:34 INFO  TC_001_AccountRegistrationTest:15 - Strating TC_001_AccountRegistrationtTest
2025-03-25 02:33:35 INFO  TC_001_AccountRegistrationTest:19 - Clicked on My Account 
2025-03-25 02:33:35 INFO  TC_001_AccountRegistrationTest:22 - Clicked on Register 
2025-03-25 02:33:35 INFO  TC_001_AccountRegistrationTest:27 - Provided First Name 
2025-03-25 02:33:35 INFO  TC_001_AccountRegistrationTest:30 - Provided Last Name 
2025-03-25 02:33:36 INFO  TC_001_AccountRegistrationTest:34 - Provided Email 
2025-03-25 02:33:36 INFO  TC_001_AccountRegistrationTest:37 - Provided Telephone 
2025-03-25 02:33:36 INFO  TC_001_AccountRegistrationTest:40 - Provided Password 
2025-03-25 02:33:36 INFO  TC_001_AccountRegistrationTest:43 - Provided Confrmed Password 
2025-03-25 02:33:36 INFO  TC_001_AccountRegistrationTest:46 - Set Privacy Policy 
2025-03-25 02:33:37 INFO  TC_001_AccountRegistrationTest:49 - Clicked on Continue 
2025-03-25 02:33:39 INFO  TC_001_AccountRegistrationTest:61 - Finished TC_001_AccountRegistrationtTest
2025-03-25 02:33:41 INFO  TC_002_LoginTest:16 - Starting TC_002_LoginTest
2025-03-25 02:33:43 INFO  TC_002_LoginTest:47 -  Finished TC_002_LoginTest
2025-03-25 05:37:34 INFO  TC_001_AccountRegistrationTest:15 - Strating TC_001_AccountRegistrationtTest
2025-03-25 05:37:34 INFO  TC_001_AccountRegistrationTest:19 - Clicked on My Account 
2025-03-25 05:37:34 INFO  TC_001_AccountRegistrationTest:22 - Clicked on Register 
2025-03-25 05:37:35 INFO  TC_001_AccountRegistrationTest:27 - Provided First Name 
2025-03-25 05:37:35 INFO  TC_001_AccountRegistrationTest:30 - Provided Last Name 
2025-03-25 05:37:35 INFO  TC_001_AccountRegistrationTest:34 - Provided Email 
2025-03-25 05:37:35 INFO  TC_001_AccountRegistrationTest:37 - Provided Telephone 
2025-03-25 05:37:35 INFO  TC_001_AccountRegistrationTest:40 - Provided Password 
2025-03-25 05:37:35 INFO  TC_001_AccountRegistrationTest:43 - Provided Confrmed Password 
2025-03-25 05:37:35 INFO  TC_001_AccountRegistrationTest:46 - Set Privacy Policy 
2025-03-25 05:37:36 INFO  TC_001_AccountRegistrationTest:49 - Clicked on Continue 
2025-03-25 05:37:38 INFO  TC_001_AccountRegistrationTest:61 - Finished TC_001_AccountRegistrationtTest
2025-03-25 05:37:40 INFO  TC_002_LoginTest:16 - Starting TC_002_LoginTest
2025-03-25 05:37:42 INFO  TC_002_LoginTest:47 -  Finished TC_002_LoginTest
2025-03-25 05:40:50 INFO  TC_001_AccountRegistrationTest:15 - Strating TC_001_AccountRegistrationtTest
2025-03-25 05:40:50 INFO  TC_001_AccountRegistrationTest:19 - Clicked on My Account 
2025-03-25 05:40:51 INFO  TC_001_AccountRegistrationTest:22 - Clicked on Register 
2025-03-25 05:40:51 INFO  TC_001_AccountRegistrationTest:27 - Provided First Name 
2025-03-25 05:40:51 INFO  TC_001_AccountRegistrationTest:30 - Provided Last Name 
2025-03-25 05:40:51 INFO  TC_001_AccountRegistrationTest:34 - Provided Email 
2025-03-25 05:40:51 INFO  TC_001_AccountRegistrationTest:37 - Provided Telephone 
2025-03-25 05:40:51 INFO  TC_001_AccountRegistrationTest:40 - Provided Password 
2025-03-25 05:40:51 INFO  TC_001_AccountRegistrationTest:43 - Provided Confrmed Password 
2025-03-25 05:40:52 INFO  TC_001_AccountRegistrationTest:46 - Set Privacy Policy 
2025-03-25 05:40:52 INFO  TC_001_AccountRegistrationTest:49 - Clicked on Continue 
2025-03-25 05:40:54 INFO  TC_001_AccountRegistrationTest:61 - Finished TC_001_AccountRegistrationtTest
2025-03-25 05:40:57 INFO  TC_002_LoginTest:16 - Starting TC_002_LoginTest
2025-03-25 05:40:58 INFO  TC_002_LoginTest:47 -  Finished TC_002_LoginTest
2025-03-25 06:51:55 INFO  Utils:112 - [TestNG] Running:
  C:\Users\Lenovo\eclipse-workspace\OpencartV121\master.xml

2025-03-25 06:52:01 INFO  TC_001_AccountRegistrationTest:15 - Strating TC_001_AccountRegistrationtTest
2025-03-25 06:52:01 INFO  TC_001_AccountRegistrationTest:19 - Clicked on My Account 
2025-03-25 06:52:02 INFO  TC_001_AccountRegistrationTest:22 - Clicked on Register 
2025-03-25 06:52:02 INFO  TC_001_AccountRegistrationTest:27 - Provided First Name 
2025-03-25 06:52:02 INFO  TC_001_AccountRegistrationTest:30 - Provided Last Name 
2025-03-25 06:52:02 INFO  TC_001_AccountRegistrationTest:34 - Provided Email 
2025-03-25 06:52:02 INFO  TC_001_AccountRegistrationTest:37 - Provided Telephone 
2025-03-25 06:52:02 INFO  TC_001_AccountRegistrationTest:40 - Provided Password 
2025-03-25 06:52:02 INFO  TC_001_AccountRegistrationTest:43 - Provided Confrmed Password 
2025-03-25 06:52:02 INFO  TC_001_AccountRegistrationTest:46 - Set Privacy Policy 
2025-03-25 06:52:03 INFO  TC_001_AccountRegistrationTest:49 - Clicked on Continue 
2025-03-25 06:52:05 INFO  TC_001_AccountRegistrationTest:61 - Finished TC_001_AccountRegistrationtTest
2025-03-25 06:52:08 INFO  TC_002_LoginTest:16 - Starting TC_002_LoginTest
2025-03-25 06:52:09 INFO  TC_002_LoginTest:47 -  Finished TC_002_LoginTest
2025-03-25 06:52:41 INFO  Utils:112 - [TestNG] Running:
  C:\Users\Lenovo\eclipse-workspace\OpencartV121\grouping.xml

2025-03-25 06:52:45 INFO  TC_001_AccountRegistrationTest:15 - Strating TC_001_AccountRegistrationtTest
2025-03-25 06:52:45 INFO  TC_001_AccountRegistrationTest:19 - Clicked on My Account 
2025-03-25 06:52:45 INFO  TC_001_AccountRegistrationTest:22 - Clicked on Register 
2025-03-25 06:52:45 INFO  TC_001_AccountRegistrationTest:27 - Provided First Name 
2025-03-25 06:52:45 INFO  TC_001_AccountRegistrationTest:30 - Provided Last Name 
2025-03-25 06:52:46 INFO  TC_001_AccountRegistrationTest:34 - Provided Email 
2025-03-25 06:52:46 INFO  TC_001_AccountRegistrationTest:37 - Provided Telephone 
2025-03-25 06:52:46 INFO  TC_001_AccountRegistrationTest:40 - Provided Password 
2025-03-25 06:52:46 INFO  TC_001_AccountRegistrationTest:43 - Provided Confrmed Password 
2025-03-25 06:52:46 INFO  TC_001_AccountRegistrationTest:46 - Set Privacy Policy 
2025-03-25 06:52:47 INFO  TC_001_AccountRegistrationTest:49 - Clicked on Continue 
2025-03-25 06:52:49 INFO  TC_001_AccountRegistrationTest:61 - Finished TC_001_AccountRegistrationtTest
2025-03-25 06:52:51 INFO  TC_002_LoginTest:16 - Starting TC_002_LoginTest
2025-03-25 06:52:53 INFO  TC_002_LoginTest:47 -  Finished TC_002_LoginTest
2025-03-25 06:52:59 INFO  TC_004_SearchProductTest:14 -  Starting TC_004_SearchProductTest 
2025-03-25 06:53:11 INFO  TC_005_AddToCartPageTest:15 -  Starting TC_005_AddToCartPageTest 
2025-03-25 06:57:30 INFO  Utils:112 - [TestNG] Running:
  C:\Users\Lenovo\eclipse-workspace\OpencartV121\grouping.xml

2025-03-25 06:57:33 INFO  TC_001_AccountRegistrationTest:15 - Strating TC_001_AccountRegistrationtTest
2025-03-25 06:57:33 INFO  TC_001_AccountRegistrationTest:19 - Clicked on My Account 
2025-03-25 06:57:34 INFO  TC_001_AccountRegistrationTest:22 - Clicked on Register 
2025-03-25 06:57:34 INFO  TC_001_AccountRegistrationTest:27 - Provided First Name 
2025-03-25 06:57:34 INFO  TC_001_AccountRegistrationTest:30 - Provided Last Name 
2025-03-25 06:57:34 INFO  TC_001_AccountRegistrationTest:34 - Provided Email 
2025-03-25 06:57:34 INFO  TC_001_AccountRegistrationTest:37 - Provided Telephone 
2025-03-25 06:57:34 INFO  TC_001_AccountRegistrationTest:40 - Provided Password 
2025-03-25 06:57:34 INFO  TC_001_AccountRegistrationTest:43 - Provided Confrmed Password 
2025-03-25 06:57:34 INFO  TC_001_AccountRegistrationTest:46 - Set Privacy Policy 
2025-03-25 06:57:35 INFO  TC_001_AccountRegistrationTest:49 - Clicked on Continue 
2025-03-25 06:57:37 INFO  TC_001_AccountRegistrationTest:61 - Finished TC_001_AccountRegistrationtTest
2025-03-25 06:57:39 INFO  TC_002_LoginTest:16 - Starting TC_002_LoginTest
2025-03-25 06:57:41 INFO  TC_002_LoginTest:47 -  Finished TC_002_LoginTest
2025-03-25 06:57:44 INFO  TC_004_SearchProductTest:14 -  Starting TC_004_SearchProductTest 
2025-03-25 06:57:58 INFO  TC_005_AddToCartPageTest:15 -  Starting TC_005_AddToCartPageTest 
2025-03-25 06:59:38 INFO  Utils:112 - [TestNG] Running:
  C:\Users\Lenovo\eclipse-workspace\OpencartV121\grouping.xml

2025-03-25 06:59:41 INFO  TC_001_AccountRegistrationTest:15 - Strating TC_001_AccountRegistrationtTest
2025-03-25 06:59:42 INFO  TC_001_AccountRegistrationTest:19 - Clicked on My Account 
2025-03-25 06:59:42 INFO  TC_001_AccountRegistrationTest:22 - Clicked on Register 
2025-03-25 06:59:42 INFO  TC_001_AccountRegistrationTest:27 - Provided First Name 
2025-03-25 06:59:43 INFO  TC_001_AccountRegistrationTest:30 - Provided Last Name 
2025-03-25 06:59:43 INFO  TC_001_AccountRegistrationTest:34 - Provided Email 
2025-03-25 06:59:43 INFO  TC_001_AccountRegistrationTest:37 - Provided Telephone 
2025-03-25 06:59:43 INFO  TC_001_AccountRegistrationTest:40 - Provided Password 
2025-03-25 06:59:43 INFO  TC_001_AccountRegistrationTest:43 - Provided Confrmed Password 
2025-03-25 06:59:43 INFO  TC_001_AccountRegistrationTest:46 - Set Privacy Policy 
2025-03-25 06:59:44 INFO  TC_001_AccountRegistrationTest:49 - Clicked on Continue 
2025-03-25 06:59:46 INFO  TC_001_AccountRegistrationTest:61 - Finished TC_001_AccountRegistrationtTest
2025-03-25 06:59:48 INFO  TC_002_LoginTest:16 - Starting TC_002_LoginTest
2025-03-25 06:59:49 INFO  TC_002_LoginTest:47 -  Finished TC_002_LoginTest
2025-03-25 06:59:52 INFO  TC_004_SearchProductTest:14 -  Starting TC_004_SearchProductTest 
2025-03-25 06:59:52 INFO  TC_004_SearchProductTest:34 -  Finished TC_004_SearchProductTest 
2025-03-25 06:59:54 INFO  TC_005_AddToCartPageTest:15 -  Starting TC_005_AddToCartPageTest 
2025-03-25 17:46:24 INFO  Utils:112 - [TestNG] Running:
  C:\Users\Lenovo\eclipse-workspace\OpencartV121\master.xml

2025-03-25 17:46:29 INFO  TC_005_AddToCartPageTest:15 -  Starting TC_005_AddToCartPageTest 
2025-03-25 17:47:57 INFO  Utils:112 - [TestNG] Running:
  C:\Users\Lenovo\eclipse-workspace\OpencartV121\master.xml

2025-03-25 17:48:01 INFO  TC_005_AddToCartPageTest:15 -  Starting TC_005_AddToCartPageTest 
2025-03-25 17:52:43 INFO  Utils:112 - [Utils] MethodGroupsHelper.collectMethodsByGroup() took 0 ms.
2025-03-25 17:52:43 INFO  Utils:112 - [Utils] MethodGroupsHelper.sortMethods() took 0 ms.
2025-03-25 17:52:43 INFO  Utils:112 - [Utils] MethodGroupsHelper.collectMethodsByGroup() took 0 ms.
2025-03-25 17:52:43 INFO  Utils:112 - [Utils] MethodGroupsHelper.sortMethods() took 0 ms.
2025-03-25 17:52:43 INFO  Utils:112 - [Utils] MethodGroupsHelper.collectMethodsByGroup() took 0 ms.
2025-03-25 17:52:43 INFO  Utils:112 - [Utils] MethodGroupsHelper.sortMethods() took 0 ms.
2025-03-25 17:52:43 INFO  Utils:112 - [Utils] MethodGroupsHelper.collectMethodsByGroup() took 0 ms.
2025-03-25 17:52:43 INFO  Utils:112 - [Utils] MethodGroupsHelper.sortMethods() took 0 ms.
2025-03-25 17:52:43 INFO  Utils:112 - [Utils] MethodGroupsHelper.collectMethodsByGroup() took 4 ms.
2025-03-25 17:52:43 INFO  Utils:112 - [Utils] MethodGroupsHelper.sortMethods() took 7 ms.
2025-03-25 17:52:43 INFO  Utils:112 - [Utils] MethodGroupsHelper.collectMethodsByGroup() took 0 ms.
2025-03-25 17:52:43 INFO  Utils:112 - [Utils] MethodGroupsHelper.sortMethods() took 0 ms.
2025-03-25 17:52:43 INFO  Utils:112 - [Utils] MethodGroupsHelper.collectMethodsByGroup() took 0 ms.
2025-03-25 17:52:43 INFO  Utils:112 - [Utils] MethodGroupsHelper.sortMethods() took 0 ms.
2025-03-25 17:52:43 INFO  Utils:112 - [Utils] MethodGroupsHelper.collectMethodsByGroup() took 0 ms.
2025-03-25 17:52:43 INFO  Utils:112 - [Utils] MethodGroupsHelper.sortMethods() took 0 ms.
2025-03-25 17:52:43 INFO  Utils:112 - [Utils] MethodGroupsHelper.collectMethodsByGroup() took 0 ms.
2025-03-25 17:52:43 INFO  Utils:112 - [Utils] MethodGroupsHelper.sortMethods() took 0 ms.
2025-03-25 17:52:43 INFO  Utils:112 - [Utils] MethodGroupsHelper.collectMethodsByGroup() took 0 ms.
2025-03-25 17:52:43 INFO  Utils:112 - [Utils] MethodGroupsHelper.sortMethods() took 0 ms.
2025-03-25 17:52:43 INFO  Utils:112 - [Utils] MethodGroupsHelper.collectMethodsByGroup() took 0 ms.
2025-03-25 17:52:43 INFO  Utils:112 - [Utils] MethodGroupsHelper.sortMethods() took 0 ms.
2025-03-25 17:52:43 INFO  Utils:112 - [Utils] MethodGroupsHelper.collectMethodsByGroup() took 0 ms.
2025-03-25 17:52:43 INFO  Utils:112 - [Utils] MethodGroupsHelper.sortMethods() took 0 ms.
2025-03-25 17:52:43 INFO  Utils:112 - [Utils] MethodGroupsHelper.collectMethodsByGroup() took 0 ms.
2025-03-25 17:52:43 INFO  Utils:112 - [Utils] MethodGroupsHelper.sortMethods() took 0 ms.
2025-03-25 17:52:43 INFO  Utils:112 - [Utils] MethodGroupsHelper.collectMethodsByGroup() took 0 ms.
2025-03-25 17:52:43 INFO  Utils:112 - [Utils] MethodGroupsHelper.sortMethods() took 0 ms.
2025-03-25 17:52:43 INFO  Utils:112 - [Utils] MethodGroupsHelper.collectMethodsByGroup() took 0 ms.
2025-03-25 17:52:43 INFO  Utils:112 - [Utils] MethodGroupsHelper.sortMethods() took 0 ms.
2025-03-25 17:52:43 INFO  Utils:112 - [TestNG] Running:
  C:\Users\Lenovo\AppData\Local\Temp\testng-eclipse-198430172\testng-customsuite.xml

2025-03-25 17:52:43 INFO  Utils:112 - [Utils] DynamicGraphHelper.createDynamicGraph() took 5 ms.
2025-03-25 17:52:43 INFO  Utils:112 - [TestNG] Time taken by org.testng.reporters.jq.Main@1698fc68: 126 ms
2025-03-25 17:52:43 INFO  Utils:112 - [TestNG] Time taken by org.testng.reporters.FailedReporter@792bbc74: 79 ms
2025-03-25 17:52:43 INFO  Utils:112 - [TestNG] Time taken by org.testng.reporters.XMLReporter@d8305c2: 27 ms
2025-03-25 17:52:43 INFO  Utils:112 - [TestNG] Time taken by org.testng.reporters.EmailableReporter2@7b324585: 10 ms
2025-03-25 17:52:43 INFO  Utils:112 - [TestNG] Time taken by org.testng.reporters.JUnitReportReporter@1ef3efa8: 8 ms
2025-03-25 17:52:43 INFO  Utils:112 - [TestNG] Time taken by org.testng.internal.ExitCodeListener@502f1f4c: 1 ms
2025-03-25 17:53:36 INFO  Utils:112 - [TestNG] Running:
  C:\Users\Lenovo\eclipse-workspace\OpencartV121\master.xml

2025-03-25 17:53:41 INFO  TC_005_AddToCartPageTest:15 -  Starting TC_005_AddToCartPageTest 
2025-03-25 17:53:44 INFO  TC_005_AddToCartPageTest:40 -  Finished TC_004_SearchProductTest 
2025-03-25 17:54:42 INFO  Utils:112 - [TestNG] Running:
  C:\Users\Lenovo\eclipse-workspace\OpencartV121\master.xml

2025-03-25 17:54:48 INFO  TC_005_AddToCartPageTest:15 -  Starting TC_005_AddToCartPageTest 
2025-03-25 17:54:50 INFO  TC_005_AddToCartPageTest:41 -  Finished TC_004_SearchProductTest 
2025-03-25 17:55:35 INFO  Utils:112 - [TestNG] Running:
  C:\Users\Lenovo\eclipse-workspace\OpencartV121\master.xml

2025-03-25 17:55:42 INFO  TC_005_AddToCartPageTest:15 -  Starting TC_005_AddToCartPageTest 
2025-03-25 17:55:44 INFO  TC_005_AddToCartPageTest:41 -  Finished TC_004_SearchProductTest 
2025-03-25 17:56:49 INFO  Utils:112 - [TestNG] Running:
  C:\Users\Lenovo\eclipse-workspace\OpencartV121\master.xml

2025-03-25 17:56:58 INFO  TC_005_AddToCartPageTest:15 -  Starting TC_005_AddToCartPageTest 
2025-03-25 18:00:46 INFO  Utils:112 - [TestNG] Running:
  C:\Users\Lenovo\eclipse-workspace\OpencartV121\master.xml

2025-03-25 18:00:50 INFO  TC_005_AddToCartPageTest:15 -  Starting TC_005_AddToCartPageTest 
2025-03-25 18:02:30 INFO  Utils:112 - [TestNG] Running:
  C:\Users\Lenovo\eclipse-workspace\OpencartV121\master.xml

2025-03-25 18:02:34 INFO  TC_005_AddToCartPageTest:15 -  Starting TC_005_AddToCartPageTest 
2025-03-25 18:02:41 INFO  TC_005_AddToCartPageTest:41 -  Finished TC_004_SearchProductTest 
2025-03-25 18:02:59 INFO  Utils:112 - [TestNG] Running:
  C:\Users\Lenovo\eclipse-workspace\OpencartV121\master.xml

2025-03-25 18:03:03 INFO  TC_005_AddToCartPageTest:15 -  Starting TC_005_AddToCartPageTest 
2025-03-25 18:03:04 INFO  TC_005_AddToCartPageTest:41 -  Finished TC_004_SearchProductTest 
2025-03-25 18:03:29 INFO  Utils:112 - [TestNG] Running:
  C:\Users\Lenovo\eclipse-workspace\OpencartV121\master.xml

2025-03-25 18:03:35 INFO  TC_005_AddToCartPageTest:15 -  Starting TC_005_AddToCartPageTest 
2025-03-25 18:03:38 INFO  TC_005_AddToCartPageTest:41 -  Finished TC_004_SearchProductTest 
2025-03-25 18:04:13 INFO  Utils:112 - [TestNG] Running:
  C:\Users\Lenovo\eclipse-workspace\OpencartV121\master.xml

2025-03-25 18:04:19 INFO  TC_005_AddToCartPageTest:15 -  Starting TC_005_AddToCartPageTest 
2025-03-25 18:05:49 INFO  Utils:112 - [TestNG] Running:
  C:\Users\Lenovo\eclipse-workspace\OpencartV121\master.xml

2025-03-25 18:05:52 INFO  TC_005_AddToCartPageTest:15 -  Starting TC_005_AddToCartPageTest 
2025-03-25 18:11:47 INFO  Utils:112 - [TestNG] Running:
  C:\Users\Lenovo\eclipse-workspace\OpencartV121\master.xml

2025-03-25 18:11:50 INFO  TC_005_AddToCartPageTest:15 -  Starting TC_005_AddToCartPageTest 
2025-03-25 18:11:53 INFO  TC_005_AddToCartPageTest:41 -  Finished TC_004_SearchProductTest 
2025-03-25 18:16:46 INFO  Utils:112 - [TestNG] Running:
  C:\Users\Lenovo\eclipse-workspace\OpencartV121\master.xml

2025-03-25 18:18:56 INFO  Utils:112 - [TestNG] Running:
  C:\Users\Lenovo\eclipse-workspace\OpencartV121\master.xml

